  main.cpp
C:\Users\sdragon\Dropbox\交大2019\1101\計算機圖學概論 Introduction to Computer Graphics\hw4\hw4\include\FreeImage.h(1,1): warning C4819: 檔案含有無法在目前字碼頁 (950) 中表示的字元。請以 Unicode 格式儲存檔案以防止資料遺失
C:\Users\sdragon\Dropbox\交大2019\1101\計算機圖學概論 Introduction to Computer Graphics\hw4\hw4\main.cpp(61,48): warning C4244: '引數': 將 'float' 轉換為 'int'，由於類型不同，可能導致資料遺失
C:\Users\sdragon\Dropbox\交大2019\1101\計算機圖學概論 Introduction to Computer Graphics\hw4\hw4\main.cpp(61,33): warning C4244: '引數': 將 'float' 轉換為 'int'，由於類型不同，可能導致資料遺失
C:\Users\sdragon\Dropbox\交大2019\1101\計算機圖學概論 Introduction to Computer Graphics\hw4\hw4\main.cpp(168,17): warning C4244: '正在初始化': 將 'GLint' 轉換為 'GLfloat'，由於類型不同，可能導致資料遺失
C:\Users\sdragon\Dropbox\交大2019\1101\計算機圖學概論 Introduction to Computer Graphics\hw4\hw4\main.cpp(169,15): warning C4244: '引數': 將 'GLfloat' 轉換為 'GLint'，由於類型不同，可能導致資料遺失
C:\Users\sdragon\Dropbox\交大2019\1101\計算機圖學概論 Introduction to Computer Graphics\hw4\hw4\main.cpp(178,31): warning C4244: '=': 將 'GLint' 轉換為 'GLfloat'，由於類型不同，可能導致資料遺失
C:\Users\sdragon\Dropbox\交大2019\1101\計算機圖學概論 Introduction to Computer Graphics\hw4\hw4\main.cpp(179,15): warning C4244: '引數': 將 'GLfloat' 轉換為 'GLint'，由於類型不同，可能導致資料遺失
C:\Users\sdragon\Dropbox\交大2019\1101\計算機圖學概論 Introduction to Computer Graphics\hw4\hw4\main.cpp(202,24): warning C4305: '=': 從 'int' 轉換為 'float'，是由較大的類型轉換為較小的類型，可能導致資料遺失
C:\Users\sdragon\Dropbox\交大2019\1101\計算機圖學概論 Introduction to Computer Graphics\hw4\hw4\main.cpp(204,24): warning C4305: '=': 從 'int' 轉換為 'float'，是由較大的類型轉換為較小的類型，可能導致資料遺失
C:\Users\sdragon\Dropbox\交大2019\1101\計算機圖學概論 Introduction to Computer Graphics\hw4\hw4\main.cpp(205,20): warning C4018: '<': signed/unsigned 不相符
C:\Users\sdragon\Dropbox\交大2019\1101\計算機圖學概論 Introduction to Computer Graphics\hw4\hw4\main.cpp(281,18): warning C4244: '=': 將 'GLsizei' 轉換為 'float'，由於類型不同，可能導致資料遺失
C:\Users\sdragon\Dropbox\交大2019\1101\計算機圖學概論 Introduction to Computer Graphics\hw4\hw4\main.cpp(282,18): warning C4244: '=': 將 'GLsizei' 轉換為 'float'，由於類型不同，可能導致資料遺失
C:\Users\sdragon\Dropbox\交大2019\1101\計算機圖學概論 Introduction to Computer Graphics\hw4\hw4\main.cpp(313,39): warning C4305: '正在初始化': 從 'double' 轉換為 'float'，是由較大的類型轉換為較小的類型，可能導致資料遺失
C:\Users\sdragon\Dropbox\交大2019\1101\計算機圖學概論 Introduction to Computer Graphics\hw4\hw4\main.cpp(315,28): warning C4244: '引數': 將 'float' 轉換為 'int'，由於類型不同，可能導致資料遺失
C:\Users\sdragon\Dropbox\交大2019\1101\計算機圖學概論 Introduction to Computer Graphics\hw4\hw4\main.cpp(368,14): warning C4305: '+=': 從 'double' 轉換為 'float'，是由較大的類型轉換為較小的類型，可能導致資料遺失
C:\Users\sdragon\Dropbox\交大2019\1101\計算機圖學概論 Introduction to Computer Graphics\hw4\hw4\main.cpp(372,14): warning C4305: '-=': 從 'double' 轉換為 'float'，是由較大的類型轉換為較小的類型，可能導致資料遺失
C:\Users\sdragon\Dropbox\交大2019\1101\計算機圖學概論 Introduction to Computer Graphics\hw4\hw4\main.cpp(407,20): warning C4305: '+=': 從 'double' 轉換為 'float'，是由較大的類型轉換為較小的類型，可能導致資料遺失
C:\Users\sdragon\Dropbox\交大2019\1101\計算機圖學概論 Introduction to Computer Graphics\hw4\hw4\main.cpp(423,19): warning C4244: '正在初始化': 將 'GLint' 轉換為 'GLfloat'，由於類型不同，可能導致資料遺失
C:\Users\sdragon\Dropbox\交大2019\1101\計算機圖學概論 Introduction to Computer Graphics\hw4\hw4\main.cpp(424,18): warning C4244: '引數': 將 'GLfloat' 轉換為 'GLint'，由於類型不同，可能導致資料遺失
C:\Users\sdragon\Dropbox\交大2019\1101\計算機圖學概論 Introduction to Computer Graphics\hw4\hw4\main.cpp(425,33): warning C4244: '=': 將 'GLint' 轉換為 'GLfloat'，由於類型不同，可能導致資料遺失
C:\Users\sdragon\Dropbox\交大2019\1101\計算機圖學概論 Introduction to Computer Graphics\hw4\hw4\main.cpp(426,18): warning C4244: '引數': 將 'GLfloat' 轉換為 'GLint'，由於類型不同，可能導致資料遺失
C:\Users\sdragon\Dropbox\交大2019\1101\計算機圖學概論 Introduction to Computer Graphics\hw4\hw4\main.cpp(427,33): warning C4244: '=': 將 'GLint' 轉換為 'GLfloat'，由於類型不同，可能導致資料遺失
C:\Users\sdragon\Dropbox\交大2019\1101\計算機圖學概論 Introduction to Computer Graphics\hw4\hw4\main.cpp(428,18): warning C4244: '引數': 將 'GLfloat' 轉換為 'GLint'，由於類型不同，可能導致資料遺失
C:\Users\sdragon\Dropbox\交大2019\1101\計算機圖學概論 Introduction to Computer Graphics\hw4\hw4\main.cpp(444,16): warning C4244: '=': 將 'GLuint' 轉換為 'GLfloat'，由於類型不同，可能導致資料遺失
C:\Users\sdragon\Dropbox\交大2019\1101\計算機圖學概論 Introduction to Computer Graphics\hw4\hw4\main.cpp(447,16): warning C4244: '=': 將 'GLuint' 轉換為 'GLfloat'，由於類型不同，可能導致資料遺失
C:\Users\sdragon\Dropbox\交大2019\1101\計算機圖學概論 Introduction to Computer Graphics\hw4\hw4\main.cpp(449,18): warning C4244: '引數': 將 'GLfloat' 轉換為 'GLuint'，由於類型不同，可能導致資料遺失
C:\Users\sdragon\Dropbox\交大2019\1101\計算機圖學概論 Introduction to Computer Graphics\hw4\hw4\main.cpp(450,42): warning C4244: '引數': 將 'GLfloat' 轉換為 'GLuint'，由於類型不同，可能導致資料遺失
C:\Users\sdragon\Dropbox\交大2019\1101\計算機圖學概論 Introduction to Computer Graphics\hw4\hw4\main.cpp(450,19): warning C4244: '正在初始化': 將 'GLint' 轉換為 'GLfloat'，由於類型不同，可能導致資料遺失
C:\Users\sdragon\Dropbox\交大2019\1101\計算機圖學概論 Introduction to Computer Graphics\hw4\hw4\main.cpp(451,18): warning C4244: '引數': 將 'GLfloat' 轉換為 'GLint'，由於類型不同，可能導致資料遺失
C:\Users\sdragon\Dropbox\交大2019\1101\計算機圖學概論 Introduction to Computer Graphics\hw4\hw4\main.cpp(452,34): warning C4244: '引數': 將 'GLfloat' 轉換為 'GLuint'，由於類型不同，可能導致資料遺失
C:\Users\sdragon\Dropbox\交大2019\1101\計算機圖學概論 Introduction to Computer Graphics\hw4\hw4\main.cpp(452,33): warning C4244: '=': 將 'GLint' 轉換為 'GLfloat'，由於類型不同，可能導致資料遺失
C:\Users\sdragon\Dropbox\交大2019\1101\計算機圖學概論 Introduction to Computer Graphics\hw4\hw4\main.cpp(453,18): warning C4244: '引數': 將 'GLfloat' 轉換為 'GLint'，由於類型不同，可能導致資料遺失
C:\Users\sdragon\Dropbox\交大2019\1101\計算機圖學概論 Introduction to Computer Graphics\hw4\hw4\main.cpp(454,34): warning C4244: '引數': 將 'GLfloat' 轉換為 'GLuint'，由於類型不同，可能導致資料遺失
C:\Users\sdragon\Dropbox\交大2019\1101\計算機圖學概論 Introduction to Computer Graphics\hw4\hw4\main.cpp(454,33): warning C4244: '=': 將 'GLint' 轉換為 'GLfloat'，由於類型不同，可能導致資料遺失
C:\Users\sdragon\Dropbox\交大2019\1101\計算機圖學概論 Introduction to Computer Graphics\hw4\hw4\main.cpp(455,18): warning C4244: '引數': 將 'GLfloat' 轉換為 'GLint'，由於類型不同，可能導致資料遺失
C:\Users\sdragon\Dropbox\交大2019\1101\計算機圖學概論 Introduction to Computer Graphics\hw4\hw4\main.cpp(457,22): warning C4244: '引數': 將 'GLfloat' 轉換為 'GLuint'，由於類型不同，可能導致資料遺失
C:\Users\sdragon\Dropbox\交大2019\1101\計算機圖學概論 Introduction to Computer Graphics\hw4\hw4\main.cpp(506,19): warning C4244: '正在初始化': 將 'GLint' 轉換為 'GLfloat'，由於類型不同，可能導致資料遺失
C:\Users\sdragon\Dropbox\交大2019\1101\計算機圖學概論 Introduction to Computer Graphics\hw4\hw4\main.cpp(507,18): warning C4244: '引數': 將 'GLfloat' 轉換為 'GLint'，由於類型不同，可能導致資料遺失
C:\Users\sdragon\Dropbox\交大2019\1101\計算機圖學概論 Introduction to Computer Graphics\hw4\hw4\main.cpp(508,33): warning C4244: '=': 將 'GLint' 轉換為 'GLfloat'，由於類型不同，可能導致資料遺失
C:\Users\sdragon\Dropbox\交大2019\1101\計算機圖學概論 Introduction to Computer Graphics\hw4\hw4\main.cpp(509,18): warning C4244: '引數': 將 'GLfloat' 轉換為 'GLint'，由於類型不同，可能導致資料遺失
C:\Users\sdragon\Dropbox\交大2019\1101\計算機圖學概論 Introduction to Computer Graphics\hw4\hw4\main.cpp(510,33): warning C4244: '=': 將 'GLint' 轉換為 'GLfloat'，由於類型不同，可能導致資料遺失
C:\Users\sdragon\Dropbox\交大2019\1101\計算機圖學概論 Introduction to Computer Graphics\hw4\hw4\main.cpp(511,18): warning C4244: '引數': 將 'GLfloat' 轉換為 'GLint'，由於類型不同，可能導致資料遺失
C:\Users\sdragon\Dropbox\交大2019\1101\計算機圖學概論 Introduction to Computer Graphics\hw4\hw4\main.cpp(526,16): warning C4244: '=': 將 'GLuint' 轉換為 'GLfloat'，由於類型不同，可能導致資料遺失
C:\Users\sdragon\Dropbox\交大2019\1101\計算機圖學概論 Introduction to Computer Graphics\hw4\hw4\main.cpp(529,16): warning C4244: '=': 將 'GLuint' 轉換為 'GLfloat'，由於類型不同，可能導致資料遺失
C:\Users\sdragon\Dropbox\交大2019\1101\計算機圖學概論 Introduction to Computer Graphics\hw4\hw4\main.cpp(531,18): warning C4244: '引數': 將 'GLfloat' 轉換為 'GLuint'，由於類型不同，可能導致資料遺失
C:\Users\sdragon\Dropbox\交大2019\1101\計算機圖學概論 Introduction to Computer Graphics\hw4\hw4\main.cpp(532,43): warning C4244: '引數': 將 'GLfloat' 轉換為 'GLuint'，由於類型不同，可能導致資料遺失
C:\Users\sdragon\Dropbox\交大2019\1101\計算機圖學概論 Introduction to Computer Graphics\hw4\hw4\main.cpp(532,20): warning C4244: '正在初始化': 將 'GLint' 轉換為 'GLfloat'，由於類型不同，可能導致資料遺失
C:\Users\sdragon\Dropbox\交大2019\1101\計算機圖學概論 Introduction to Computer Graphics\hw4\hw4\main.cpp(533,19): warning C4244: '引數': 將 'GLfloat' 轉換為 'GLint'，由於類型不同，可能導致資料遺失
C:\Users\sdragon\Dropbox\交大2019\1101\計算機圖學概論 Introduction to Computer Graphics\hw4\hw4\main.cpp(534,35): warning C4244: '引數': 將 'GLfloat' 轉換為 'GLuint'，由於類型不同，可能導致資料遺失
C:\Users\sdragon\Dropbox\交大2019\1101\計算機圖學概論 Introduction to Computer Graphics\hw4\hw4\main.cpp(534,34): warning C4244: '=': 將 'GLint' 轉換為 'GLfloat'，由於類型不同，可能導致資料遺失
C:\Users\sdragon\Dropbox\交大2019\1101\計算機圖學概論 Introduction to Computer Graphics\hw4\hw4\main.cpp(535,19): warning C4244: '引數': 將 'GLfloat' 轉換為 'GLint'，由於類型不同，可能導致資料遺失
C:\Users\sdragon\Dropbox\交大2019\1101\計算機圖學概論 Introduction to Computer Graphics\hw4\hw4\main.cpp(536,35): warning C4244: '引數': 將 'GLfloat' 轉換為 'GLuint'，由於類型不同，可能導致資料遺失
C:\Users\sdragon\Dropbox\交大2019\1101\計算機圖學概論 Introduction to Computer Graphics\hw4\hw4\main.cpp(536,34): warning C4244: '=': 將 'GLint' 轉換為 'GLfloat'，由於類型不同，可能導致資料遺失
C:\Users\sdragon\Dropbox\交大2019\1101\計算機圖學概論 Introduction to Computer Graphics\hw4\hw4\main.cpp(537,19): warning C4244: '引數': 將 'GLfloat' 轉換為 'GLint'，由於類型不同，可能導致資料遺失
C:\Users\sdragon\Dropbox\交大2019\1101\計算機圖學概論 Introduction to Computer Graphics\hw4\hw4\main.cpp(541,24): warning C4244: '引數': 將 'GLfloat' 轉換為 'GLuint'，由於類型不同，可能導致資料遺失
  hw4.vcxproj -> C:\Users\sdragon\Dropbox\交大2019\1101\計算機圖學概論 Introduction to Computer Graphics\hw4\Debug\hw4.exe
